<?xml version="1.0" encoding="UTF-8"?>
<!-- Generated by org.testng.reporters.JUnitReportReporter -->
<testsuite hostname="Ganesh-PC" name="Upload_File_Using_Robot_Class" tests="1" failures="0" timestamp="7 Mar 2018 18:24:32 GMT" time="57.428" errors="0">
  <testcase name="Uploadfile" time="57.428" classname="Upload_File_Using_Robot_Class"/>
</testsuite> <!-- Upload_File_Using_Robot_Class -->
